[2013-01-12 12:11:28] myapp.INFO: Matched route "homepage" (parameters: "_controller": "{}", "_route": "homepage") [] []
[2013-01-12 12:11:28] myapp.INFO: > GET /html/varios/silex/web/index_dev.php/ [] []
[2013-01-12 12:11:28] myapp.CRITICAL: Twig_Error_Loader: The "/var/www/html/varios/silex/src/../templates" directory does not exist. (uncaught exception) at /var/www/html/varios/silex/vendor/twig/twig/lib/Twig/Loader/Filesystem.php line 89 [] []
[2013-01-12 12:11:28] myapp.INFO: < 500 [] []
[2013-01-12 12:13:45] myapp.INFO: Matched route "homepage" (parameters: "_controller": "{}", "_route": "homepage") [] []
[2013-01-12 12:13:45] myapp.INFO: > GET /html/varios/silex/web/index_dev.php/ [] []
[2013-01-12 12:13:45] myapp.CRITICAL: Twig_Error_Loader: The "/var/www/html/varios/silex/src/../templates" directory does not exist. (uncaught exception) at /var/www/html/varios/silex/vendor/twig/twig/lib/Twig/Loader/Filesystem.php line 89 [] []
[2013-01-12 12:13:45] myapp.INFO: < 500 [] []
[2013-01-12 12:13:48] myapp.INFO: Matched route "homepage" (parameters: "_controller": "{}", "_route": "homepage") [] []
[2013-01-12 12:13:48] myapp.INFO: > GET /html/varios/silex/web/index_dev.php/ [] []
[2013-01-12 12:13:48] myapp.CRITICAL: Twig_Error_Loader: The "/var/www/html/varios/silex/src/../templates" directory does not exist. (uncaught exception) at /var/www/html/varios/silex/vendor/twig/twig/lib/Twig/Loader/Filesystem.php line 89 [] []
[2013-01-12 12:13:48] myapp.INFO: < 500 [] []
[2013-01-12 12:13:49] myapp.INFO: Matched route "homepage" (parameters: "_controller": "{}", "_route": "homepage") [] []
[2013-01-12 12:13:49] myapp.INFO: > GET /html/varios/silex/web/index_dev.php/ [] []
[2013-01-12 12:13:49] myapp.CRITICAL: Twig_Error_Loader: The "/var/www/html/varios/silex/src/../templates" directory does not exist. (uncaught exception) at /var/www/html/varios/silex/vendor/twig/twig/lib/Twig/Loader/Filesystem.php line 89 [] []
[2013-01-12 12:13:49] myapp.INFO: < 500 [] []
[2013-01-12 12:13:49] myapp.INFO: Matched route "homepage" (parameters: "_controller": "{}", "_route": "homepage") [] []
[2013-01-12 12:13:49] myapp.INFO: > GET /html/varios/silex/web/index_dev.php/ [] []
[2013-01-12 12:13:49] myapp.CRITICAL: Twig_Error_Loader: The "/var/www/html/varios/silex/src/../templates" directory does not exist. (uncaught exception) at /var/www/html/varios/silex/vendor/twig/twig/lib/Twig/Loader/Filesystem.php line 89 [] []
[2013-01-12 12:13:49] myapp.INFO: < 500 [] []
[2013-01-12 12:14:21] myapp.INFO: Matched route "homepage" (parameters: "_controller": "{}", "_route": "homepage") [] []
[2013-01-12 12:14:21] myapp.INFO: > GET /html/varios/silex/web/index_dev.php/ [] []
[2013-01-12 12:14:21] myapp.CRITICAL: Twig_Error_Loader: Template "index.html" is not defined (). (uncaught exception) at /var/www/html/varios/silex/vendor/twig/twig/lib/Twig/Loader/Chain.php line 113 [] []
[2013-01-12 12:14:21] myapp.INFO: < 500 [] []
[2013-01-12 12:15:24] myapp.INFO: Matched route "homepage" (parameters: "_controller": "{}", "_route": "homepage") [] []
[2013-01-12 12:15:24] myapp.INFO: > GET /html/varios/silex/web/index_dev.php/ [] []
[2013-01-12 12:15:24] myapp.INFO: < 200 [] []
[2013-01-12 12:15:46] myapp.ERROR: Symfony\Component\HttpKernel\Exception\NotFoundHttpException: No route found for "GET /asd" (uncaught exception) at /var/www/html/varios/silex/vendor/symfony/http-kernel/Symfony/Component/HttpKernel/EventListener/RouterListener.php line 92 [] []
[2013-01-12 12:15:46] myapp.INFO: < 404 [] []
[2013-01-12 12:17:20] myapp.ERROR: Symfony\Component\HttpKernel\Exception\NotFoundHttpException: No route found for "GET /asd" (uncaught exception) at /var/www/html/varios/silex/vendor/symfony/http-kernel/Symfony/Component/HttpKernel/EventListener/RouterListener.php line 92 [] []
[2013-01-12 12:17:20] myapp.INFO: < 404 [] []
[2013-01-12 12:18:15] myapp.ERROR: Symfony\Component\HttpKernel\Exception\NotFoundHttpException: No route found for "GET /asd" (uncaught exception) at /var/www/html/varios/silex/vendor/symfony/http-kernel/Symfony/Component/HttpKernel/EventListener/RouterListener.php line 92 [] []
[2013-01-12 12:18:15] myapp.INFO: < 404 [] []
[2013-01-12 12:19:59] myapp.ERROR: Symfony\Component\HttpKernel\Exception\NotFoundHttpException: No route found for "GET /asd" (uncaught exception) at /var/www/html/varios/silex/vendor/symfony/http-kernel/Symfony/Component/HttpKernel/EventListener/RouterListener.php line 92 [] []
[2013-01-12 12:19:59] myapp.INFO: < 404 [] []
[2013-01-12 12:21:49] myapp.ERROR: Symfony\Component\HttpKernel\Exception\NotFoundHttpException: No route found for "GET /asd" (uncaught exception) at /var/www/html/varios/silex/vendor/symfony/http-kernel/Symfony/Component/HttpKernel/EventListener/RouterListener.php line 92 [] []
[2013-01-12 12:21:49] myapp.INFO: < 404 [] []
[2013-01-12 12:21:53] myapp.INFO: Matched route "homepage" (parameters: "_controller": "{}", "_route": "homepage") [] []
[2013-01-12 12:21:53] myapp.INFO: > GET /html/varios/silex/web/index_dev.php/ [] []
[2013-01-12 12:21:53] myapp.INFO: < 200 [] []
[2013-01-12 12:21:56] myapp.ERROR: Symfony\Component\HttpKernel\Exception\NotFoundHttpException: No route found for "GET /asdasdasd" (uncaught exception) at /var/www/html/varios/silex/vendor/symfony/http-kernel/Symfony/Component/HttpKernel/EventListener/RouterListener.php line 92 [] []
[2013-01-12 12:21:56] myapp.INFO: < 404 [] []
[2013-01-12 12:22:14] myapp.ERROR: Symfony\Component\HttpKernel\Exception\NotFoundHttpException: No route found for "GET /asdasdasd" (uncaught exception) at /var/www/html/varios/silex/vendor/symfony/http-kernel/Symfony/Component/HttpKernel/EventListener/RouterListener.php line 92 [] []
[2013-01-12 12:22:14] myapp.INFO: < 404 [] []
[2013-01-12 12:36:29] myapp.ERROR: Symfony\Component\HttpKernel\Exception\NotFoundHttpException: No route found for "GET /asdasdasd" (uncaught exception) at /var/www/html/varios/silex/vendor/symfony/http-kernel/Symfony/Component/HttpKernel/EventListener/RouterListener.php line 92 [] []
[2013-01-12 12:36:29] myapp.INFO: < 404 [] []
[2013-01-12 12:38:02] myapp.INFO: Matched route "homepage" (parameters: "_controller": "{}", "_route": "homepage") [] []
[2013-01-12 12:38:02] myapp.INFO: > GET /html/varios/silex/web/index_dev.php/ [] []
[2013-01-12 12:38:02] myapp.INFO: < 200 [] []
[2013-01-12 12:39:12] myapp.INFO: Matched route "homepage" (parameters: "_controller": "{}", "_route": "homepage") [] []
[2013-01-12 12:39:12] myapp.INFO: > GET /html/varios/silex/web/index_dev.php/ [] []
[2013-01-12 12:39:13] myapp.INFO: < 200 [] []
[2013-01-12 12:39:17] myapp.INFO: Matched route "homepage" (parameters: "_controller": "{}", "_route": "homepage") [] []
[2013-01-12 12:39:17] myapp.INFO: > GET /html/varios/silex/web/index_dev.php/ [] []
[2013-01-12 12:39:17] myapp.INFO: < 200 [] []
[2013-01-12 12:39:20] myapp.INFO: Matched route "homepage" (parameters: "_controller": "{}", "_route": "homepage") [] []
[2013-01-12 12:39:20] myapp.INFO: > GET /html/varios/silex/web/index_dev.php/ [] []
[2013-01-12 12:39:20] myapp.INFO: < 200 [] []
[2013-01-12 12:50:16] myapp.INFO: Matched route "homepage" (parameters: "_controller": "{}", "_route": "homepage") [] []
[2013-01-12 12:50:16] myapp.INFO: > GET /html/varios/silex/web/index_dev.php/ [] []
[2013-01-12 12:50:16] myapp.INFO: < 200 [] []
[2013-01-12 12:51:27] myapp.INFO: Matched route "homepage" (parameters: "_controller": "{}", "_route": "homepage") [] []
[2013-01-12 12:51:27] myapp.INFO: > GET /html/varios/silex/web/index_dev.php/ [] []
[2013-01-12 12:51:27] myapp.CRITICAL: Twig_Error_Syntax: A template that extends another one cannot have a body in "index.html" at line 2. (uncaught exception) at /var/www/html/varios/silex/vendor/twig/twig/lib/Twig/Parser.php line 375 [] []
[2013-01-12 12:51:27] myapp.INFO: < 500 [] []
[2013-01-12 12:51:36] myapp.INFO: Matched route "homepage" (parameters: "_controller": "{}", "_route": "homepage") [] []
[2013-01-12 12:51:36] myapp.INFO: > GET /html/varios/silex/web/index_dev.php/ [] []
[2013-01-12 12:51:36] myapp.INFO: < 200 [] []
[2013-01-12 12:52:57] myapp.INFO: Matched route "homepage" (parameters: "_controller": "{}", "_route": "homepage") [] []
[2013-01-12 12:52:57] myapp.INFO: > GET /html/varios/silex/web/index_dev.php/ [] []
[2013-01-12 12:52:57] myapp.INFO: < 200 [] []
[2013-01-12 13:00:14] myapp.INFO: Matched route "homepage" (parameters: "_controller": "{}", "_route": "homepage") [] []
[2013-01-12 13:00:14] myapp.INFO: > GET /html/varios/silex/web/index_dev.php/ [] []
[2013-01-12 13:00:14] myapp.INFO: < 200 [] []
[2013-01-12 13:00:37] myapp.INFO: Matched route "homepage" (parameters: "_controller": "{}", "_route": "homepage") [] []
[2013-01-12 13:00:37] myapp.INFO: > GET /html/varios/silex/web/index_dev.php/ [] []
[2013-01-12 13:00:37] myapp.INFO: < 200 [] []
[2013-01-12 13:02:31] myapp.INFO: Matched route "homepage" (parameters: "_controller": "{}", "_route": "homepage") [] []
[2013-01-12 13:02:31] myapp.INFO: > GET /html/varios/silex/web/index_dev.php/ [] []
[2013-01-12 13:02:31] myapp.INFO: < 200 [] []
[2013-01-12 13:02:38] myapp.INFO: Matched route "homepage" (parameters: "_controller": "{}", "_route": "homepage") [] []
[2013-01-12 13:02:38] myapp.INFO: > GET /html/varios/silex/web/index_dev.php/ [] []
[2013-01-12 13:02:39] myapp.INFO: < 200 [] []
[2013-01-12 13:08:29] myapp.INFO: Matched route "homepage" (parameters: "_controller": "{}", "_route": "homepage") [] []
[2013-01-12 13:08:29] myapp.INFO: > GET /html/varios/silex/web/index_dev.php/ [] []
[2013-01-12 13:08:29] myapp.INFO: < 200 [] []
[2013-01-12 13:08:32] myapp.INFO: Matched route "GET_blog" (parameters: "_controller": "{}", "_route": "GET_blog") [] []
[2013-01-12 13:08:32] myapp.INFO: > GET /html/varios/silex/web/index_dev.php/blog [] []
[2013-01-12 13:08:32] myapp.INFO: < 302 [] []
[2013-01-12 13:08:48] myapp.INFO: Matched route "homepage" (parameters: "_controller": "{}", "_route": "homepage") [] []
[2013-01-12 13:08:48] myapp.INFO: > GET /html/varios/silex/web/index_dev.php/ [] []
[2013-01-12 13:08:48] myapp.INFO: < 200 [] []
[2013-01-12 13:08:50] myapp.INFO: Matched route "homepage" (parameters: "_controller": "{}", "_route": "homepage") [] []
[2013-01-12 13:08:50] myapp.INFO: > GET /html/varios/silex/web/index_dev.php/ [] []
[2013-01-12 13:08:50] myapp.INFO: < 200 [] []
[2013-01-12 13:08:54] myapp.INFO: Matched route "homepage" (parameters: "_controller": "{}", "_route": "homepage") [] []
[2013-01-12 13:08:54] myapp.INFO: > GET /html/varios/silex/web/index_dev.php/ [] []
[2013-01-12 13:08:54] myapp.INFO: < 200 [] []
[2013-01-12 13:09:15] myapp.INFO: Matched route "homepage" (parameters: "_controller": "{}", "_route": "homepage") [] []
[2013-01-12 13:09:15] myapp.INFO: > GET /html/varios/silex/web/index_dev.php/ [] []
[2013-01-12 13:09:15] myapp.INFO: < 200 [] []
[2013-01-12 13:09:16] myapp.INFO: Matched route "blog" (parameters: "_controller": "{}", "_route": "blog") [] []
[2013-01-12 13:09:16] myapp.INFO: > GET /html/varios/silex/web/index_dev.php/blog [] []
[2013-01-12 13:09:16] myapp.INFO: < 302 [] []
[2013-01-12 13:09:17] myapp.ERROR: Symfony\Component\HttpKernel\Exception\NotFoundHttpException: No route found for "GET /www.danieldisu.es/blog" (uncaught exception) at /var/www/html/varios/silex/vendor/symfony/http-kernel/Symfony/Component/HttpKernel/EventListener/RouterListener.php line 92 [] []
[2013-01-12 13:09:17] myapp.INFO: < 404 [] []
[2013-01-12 13:09:30] myapp.INFO: Matched route "homepage" (parameters: "_controller": "{}", "_route": "homepage") [] []
[2013-01-12 13:09:30] myapp.INFO: > GET /html/varios/silex/web/index_dev.php/ [] []
[2013-01-12 13:09:30] myapp.INFO: < 200 [] []
[2013-01-12 13:09:32] myapp.INFO: Matched route "blog" (parameters: "_controller": "{}", "_route": "blog") [] []
[2013-01-12 13:09:32] myapp.INFO: > GET /html/varios/silex/web/index_dev.php/blog [] []
[2013-01-12 13:09:32] myapp.INFO: < 302 [] []
[2013-01-12 13:17:45] myapp.INFO: Matched route "homepage" (parameters: "_controller": "{}", "_route": "homepage") [] []
[2013-01-12 13:17:45] myapp.INFO: > GET /html/varios/silex/web/index_dev.php/ [] []
[2013-01-12 13:17:45] myapp.INFO: < 200 [] []
[2013-01-12 13:17:47] myapp.INFO: Matched route "homepage" (parameters: "_controller": "{}", "_route": "homepage") [] []
[2013-01-12 13:17:47] myapp.INFO: > GET /html/varios/silex/web/index_dev.php/ [] []
[2013-01-12 13:17:47] myapp.INFO: < 200 [] []
[2013-01-12 13:17:55] myapp.INFO: Matched route "homepage" (parameters: "_controller": "{}", "_route": "homepage") [] []
[2013-01-12 13:17:55] myapp.INFO: > GET /html/varios/silex/web/index_dev.php/ [] []
[2013-01-12 13:17:55] myapp.INFO: < 200 [] []
[2013-01-12 13:18:10] myapp.INFO: Matched route "homepage" (parameters: "_controller": "{}", "_route": "homepage") [] []
[2013-01-12 13:18:10] myapp.INFO: > GET /html/varios/silex/web/index_dev.php/ [] []
[2013-01-12 13:18:10] myapp.INFO: < 200 [] []
[2013-01-12 13:18:11] myapp.INFO: Matched route "resume" (parameters: "_controller": "{}", "_route": "resume") [] []
[2013-01-12 13:18:11] myapp.INFO: > GET /html/varios/silex/web/index_dev.php/resume [] []
[2013-01-12 13:18:11] myapp.INFO: < 200 [] []
[2013-01-12 13:19:50] myapp.INFO: Matched route "resume" (parameters: "_controller": "{}", "_route": "resume") [] []
[2013-01-12 13:19:50] myapp.INFO: > GET /html/varios/silex/web/index_dev.php/resume [] []
[2013-01-12 13:19:51] myapp.INFO: < 200 [] []
[2013-01-12 13:19:52] myapp.INFO: Matched route "about" (parameters: "_controller": "{}", "_route": "about") [] []
[2013-01-12 13:19:52] myapp.INFO: > GET /html/varios/silex/web/index_dev.php/about [] []
[2013-01-12 13:19:52] myapp.CRITICAL: Twig_Error_Loader: Template "about.html.twig" is not defined (). (uncaught exception) at /var/www/html/varios/silex/vendor/twig/twig/lib/Twig/Loader/Chain.php line 113 [] []
[2013-01-12 13:19:52] myapp.INFO: < 500 [] []
[2013-01-12 13:20:16] myapp.INFO: Matched route "about" (parameters: "_controller": "{}", "_route": "about") [] []
[2013-01-12 13:20:16] myapp.INFO: > GET /html/varios/silex/web/index_dev.php/about [] []
[2013-01-12 13:20:16] myapp.INFO: < 200 [] []
[2013-01-12 13:20:18] myapp.INFO: Matched route "homepage" (parameters: "_controller": "{}", "_route": "homepage") [] []
[2013-01-12 13:20:18] myapp.INFO: > GET /html/varios/silex/web/index_dev.php/ [] []
[2013-01-12 13:20:18] myapp.INFO: < 200 [] []
[2013-01-12 13:20:19] myapp.INFO: Matched route "blog" (parameters: "_controller": "{}", "_route": "blog") [] []
[2013-01-12 13:20:19] myapp.INFO: > GET /html/varios/silex/web/index_dev.php/blog [] []
[2013-01-12 13:20:19] myapp.INFO: < 302 [] []
[2013-01-12 13:20:25] myapp.INFO: Matched route "resume" (parameters: "_controller": "{}", "_route": "resume") [] []
[2013-01-12 13:20:25] myapp.INFO: > GET /html/varios/silex/web/index_dev.php/resume [] []
[2013-01-12 13:20:25] myapp.INFO: < 200 [] []
[2013-01-12 13:20:26] myapp.INFO: Matched route "about" (parameters: "_controller": "{}", "_route": "about") [] []
[2013-01-12 13:20:26] myapp.INFO: > GET /html/varios/silex/web/index_dev.php/about [] []
[2013-01-12 13:20:26] myapp.INFO: < 200 [] []
[2013-01-15 14:33:46] myapp.INFO: Matched route "homepage" (parameters: "_controller": "{}", "_route": "homepage") [] []
[2013-01-15 14:33:46] myapp.INFO: > GET /varios/silex/web/index_dev.php [] []
[2013-01-15 14:33:46] myapp.INFO: < 200 [] []
